[debug] [2019-10-24T04:45:58.685Z] ----------------------------------------------------------------------
[debug] [2019-10-24T04:45:58.687Z] Command:       E:\Program Files (x86)\node.exe C:\Users\Josh\AppData\Roaming\npm\node_modules\firebase-tools\lib\bin\firebase.js init
[debug] [2019-10-24T04:45:58.687Z] CLI Version:   7.6.1
[debug] [2019-10-24T04:45:58.687Z] Platform:      win32
[debug] [2019-10-24T04:45:58.688Z] Node Version:  v12.13.0
[debug] [2019-10-24T04:45:58.688Z] Time:          Thu Oct 24 2019 00:45:58 GMT-0400 (Eastern Daylight Time)
[debug] [2019-10-24T04:45:58.688Z] ----------------------------------------------------------------------
[debug] [2019-10-24T04:45:58.688Z] 
[debug] [2019-10-24T04:45:58.692Z] > command requires scopes: ["email","openid","https://www.googleapis.com/auth/cloudplatformprojects.readonly","https://www.googleapis.com/auth/firebase","https://www.googleapis.com/auth/cloud-platform"]
[debug] [2019-10-24T04:45:58.693Z] > authorizing via signed-in user
[info] 
     ######## #### ########  ######## ########     ###     ######  ########
     ##        ##  ##     ## ##       ##     ##  ##   ##  ##       ##
     ######    ##  ########  ######   ########  #########  ######  ######
     ##        ##  ##    ##  ##       ##     ## ##     ##       ## ##
     ##       #### ##     ## ######## ########  ##     ##  ######  ########

You're about to initialize a Firebase project in this directory:

  E:\Courses\CSC301\Team\team-project-tdsb-team-1

[info] 
=== Project Setup
[info] 
[info] First, let's associate this project directory with a Firebase project.
[info] You can create multiple project aliases by running firebase use --add, 
[info] but for now we'll just set up a default project.
[info] 
[info] 
=== Database Setup
[info] 
[info] Firebase Realtime Database Rules allow you to define how your data should be
[info] structured and when your data can be read from and written to.
[info] 
